<?xml version="1.0" encoding="UTF-8"?>
<!-- Generated by org.testng.reporters.JUnitReportReporter -->
<testsuite hostname="LAPTOP-38FUG744" failures="0" tests="5" name="tests.EndtoEndBookingTest" time="11.981" errors="0" timestamp="2024-08-30T19:39:57 IST" skipped="0">
  <testcase classname="tests.EndtoEndBookingTest" name="createNewbooking" time="2.626"/>
  <system-out/>
  <testcase classname="tests.EndtoEndBookingTest" name="verifynewBookingByid" time="1.530"/>
  <system-out/>
  <testcase classname="tests.EndtoEndBookingTest" name="updateBooking" time="2.750"/>
  <system-out/>
  <testcase classname="tests.EndtoEndBookingTest" name="partialUpdate" time="2.319"/>
  <system-out/>
  <testcase classname="tests.EndtoEndBookingTest" name="deleteBooking" time="2.756"/>
  <system-out/>
</testsuite> <!-- tests.EndtoEndBookingTest -->
