<?xml version="1.0" encoding="UTF-8"?>
<!-- Generated by org.testng.reporters.JUnitReportReporter -->
<testsuite hostname="LAPTOP-38FUG744" failures="0" tests="6" name="tests.BookingTests" time="10.537" errors="0" timestamp="2024-08-29T20:22:09 IST" skipped="0">
  <testcase classname="tests.BookingTests" name="testCreateBooking" time="4.603"/>
  <system-out/>
  <testcase classname="tests.BookingTests" name="testCreateBooking" time="1.136"/>
  <system-out/>
  <testcase classname="tests.BookingTests" name="testCreateBooking" time="1.129"/>
  <system-out/>
  <testcase classname="tests.BookingTests" name="testGetBooking" time="1.252"/>
  <system-out/>
  <testcase classname="tests.BookingTests" name="testGetBooking" time="1.168"/>
  <system-out/>
  <testcase classname="tests.BookingTests" name="testGetBooking" time="1.249"/>
  <system-out/>
</testsuite> <!-- tests.BookingTests -->
